<?xml version="1.0" encoding="UTF-8"?>
<!-- Generated by org.testng.reporters.JUnitReportReporter -->
<testsuite skipped="0" hostname="DESKTOP-1B8QM1Q" name="TextParserTest" tests="8" failures="0" timestamp="30 Jul 2019 23:25:44 GMT" time="0.014" errors="0">
  <testcase name="testBlankInput" time="0.006" classname="TextParserTest"/>
  <testcase name="testMultipleParse" time="0.001" classname="TextParserTest"/>
  <testcase name="testPlainNumericInput" time="0.001" classname="TextParserTest"/>
  <testcase name="testPlainSpecialCharacterInput" time="0.001" classname="TextParserTest"/>
  <testcase name="testSimpleParse" time="0.001" classname="TextParserTest"/>
  <testcase name="testComplexNumericInput" time="0.002" classname="TextParserTest"/>
  <testcase name="testOutputLengths" time="0.001" classname="TextParserTest"/>
  <testcase name="testComplexSpecialCharacterInput" time="0.001" classname="TextParserTest"/>
</testsuite> <!-- TextParserTest -->
